<?xml version="1.0" encoding="UTF-8"?>
<!-- Generated by org.testng.reporters.JUnitXMLReporter -->
<testsuite hostname="EDZ-20170729POB" ignored="0" name="Test" tests="1" failures="1" timestamp="14 六月 2019 11:06:30 GMT" time="72.44" errors="0">
  <testcase name="loginWithMicroBlog" time="37.083" classname="AppiumSelenium.com.AppiumSelenium.AppForYjzx">
    <failure type="org.openqa.selenium.NoSuchElementException" message="An element could not be located on the page using the given search parameters.
For documentation on this error, please visit: https://www.seleniumhq.org/exceptions/no_such_element.html
Build info: version: &amp;apos;3.141.59&amp;apos;, revision: &amp;apos;e82be7d358&amp;apos;, time: &amp;apos;2018-11-14T08:25:53&amp;apos;
System info: host: &amp;apos;EDZ-20170729POB&amp;apos;, ip: &amp;apos;192.168.1.95&amp;apos;, os.name: &amp;apos;Windows 7&amp;apos;, os.arch: &amp;apos;amd64&amp;apos;, os.version: &amp;apos;6.1&amp;apos;, java.version: &amp;apos;1.8.0_144&amp;apos;
Driver info: io.appium.java_client.android.AndroidDriver
Capabilities {appActivity: .ui.WelcomeActivity, appPackage: cn.cert.financial, automationName: UiAutomator2, databaseEnabled: false, desired: {appActivity: .ui.WelcomeActivity, appPackage: cn.cert.financial, automationName: UiAutomator2, deviceName: 4d155fc5, platformName: android, platformVersion: 8.0.0}, deviceApiLevel: 26, deviceManufacturer: samsung, deviceModel: SM-G9350, deviceName: 4d155fc5, deviceScreenDensity: 480, deviceScreenSize: 1080x1920, deviceUDID: 4d155fc5, javascriptEnabled: true, locationContextEnabled: false, networkConnectionEnabled: true, pixelRatio: 3, platform: LINUX, platformName: Android, platformVersion: 8.0.0, statBarHeight: 72, takesScreenshot: true, viewportRect: {height: 1848, left: 0, top: 72, width: 1080}, warnings: {}, webStorageEnabled: false}
Session ID: 469f7e6f-e77f-43b1-8b4f-7f0c0ec4b374
*** Element info: {Using=id, value=cn.cert.financial:id/iv_back}">
      <![CDATA[org.openqa.selenium.NoSuchElementException: An element could not be located on the page using the given search parameters.
For documentation on this error, please visit: https://www.seleniumhq.org/exceptions/no_such_element.html
Build info: version: '3.141.59', revision: 'e82be7d358', time: '2018-11-14T08:25:53'
System info: host: 'EDZ-20170729POB', ip: '192.168.1.95', os.name: 'Windows 7', os.arch: 'amd64', os.version: '6.1', java.version: '1.8.0_144'
Driver info: io.appium.java_client.android.AndroidDriver
Capabilities {appActivity: .ui.WelcomeActivity, appPackage: cn.cert.financial, automationName: UiAutomator2, databaseEnabled: false, desired: {appActivity: .ui.WelcomeActivity, appPackage: cn.cert.financial, automationName: UiAutomator2, deviceName: 4d155fc5, platformName: android, platformVersion: 8.0.0}, deviceApiLevel: 26, deviceManufacturer: samsung, deviceModel: SM-G9350, deviceName: 4d155fc5, deviceScreenDensity: 480, deviceScreenSize: 1080x1920, deviceUDID: 4d155fc5, javascriptEnabled: true, locationContextEnabled: false, networkConnectionEnabled: true, pixelRatio: 3, platform: LINUX, platformName: Android, platformVersion: 8.0.0, statBarHeight: 72, takesScreenshot: true, viewportRect: {height: 1848, left: 0, top: 72, width: 1080}, warnings: {}, webStorageEnabled: false}
Session ID: 469f7e6f-e77f-43b1-8b4f-7f0c0ec4b374
*** Element info: {Using=id, value=cn.cert.financial:id/iv_back}
	at org.openqa.selenium.remote.http.W3CHttpResponseCodec.createException(W3CHttpResponseCodec.java:187)
	at org.openqa.selenium.remote.http.W3CHttpResponseCodec.decode(W3CHttpResponseCodec.java:122)
	at org.openqa.selenium.remote.http.W3CHttpResponseCodec.decode(W3CHttpResponseCodec.java:49)
	at org.openqa.selenium.remote.HttpCommandExecutor.execute(HttpCommandExecutor.java:158)
	at io.appium.java_client.remote.AppiumCommandExecutor.execute(AppiumCommandExecutor.java:239)
	at org.openqa.selenium.remote.RemoteWebDriver.execute(RemoteWebDriver.java:552)
	at io.appium.java_client.DefaultGenericMobileDriver.execute(DefaultGenericMobileDriver.java:42)
	at io.appium.java_client.AppiumDriver.execute(AppiumDriver.java:1)
	at io.appium.java_client.android.AndroidDriver.execute(AndroidDriver.java:1)
	at org.openqa.selenium.remote.RemoteWebDriver.findElement(RemoteWebDriver.java:323)
	at io.appium.java_client.DefaultGenericMobileDriver.findElement(DefaultGenericMobileDriver.java:62)
	at io.appium.java_client.AppiumDriver.findElement(AppiumDriver.java:1)
	at io.appium.java_client.android.AndroidDriver.findElement(AndroidDriver.java:1)
	at org.openqa.selenium.remote.RemoteWebDriver.findElementById(RemoteWebDriver.java:372)
	at io.appium.java_client.DefaultGenericMobileDriver.findElementById(DefaultGenericMobileDriver.java:70)
	at io.appium.java_client.AppiumDriver.findElementById(AppiumDriver.java:1)
	at io.appium.java_client.android.AndroidDriver.findElementById(AndroidDriver.java:1)
	at AppiumSelenium.com.AppiumSelenium.AppForYjzx.loginWithMicroBlog(AppForYjzx.java:101)
... Removed 29 stack frames]]>
    </failure>
  </testcase> <!-- loginWithMicroBlog -->
</testsuite> <!-- Test -->
