<?xml version="1.0" encoding="UTF-8"?>
<testng-results skipped="0" failed="1" ignored="0" total="1" passed="0">
  <reporter-output>
  </reporter-output>
  <suite name="Default suite" duration-ms="40329" started-at="2019-06-17T03:35:12Z" finished-at="2019-06-17T03:35:53Z">
    <groups>
    </groups>
    <test name="Default test" duration-ms="40329" started-at="2019-06-17T03:35:12Z" finished-at="2019-06-17T03:35:53Z">
      <class name="AppiumSelenium.com.AppiumSelenium.AppForYjzx">
        <test-method status="PASS" signature="beforeSuite()[pri:0, instance:AppiumSelenium.com.AppiumSelenium.AppForYjzx@eec5a4a]" name="beforeSuite" is-config="true" duration-ms="259" started-at="2019-06-17T11:35:04Z" finished-at="2019-06-17T11:35:04Z">
          <reporter-output>
          </reporter-output>
        </test-method> <!-- beforeSuite -->
        <test-method status="PASS" signature="globalSetup()[pri:0, instance:AppiumSelenium.com.AppiumSelenium.AppForYjzx@eec5a4a]" name="globalSetup" is-config="true" duration-ms="8123" started-at="2019-06-17T11:35:04Z" depends-on-methods="base.TestBase.beforeSuite" finished-at="2019-06-17T11:35:12Z">
          <reporter-output>
          </reporter-output>
        </test-method> <!-- globalSetup -->
        <test-method status="PASS" signature="setUp()[pri:0, instance:AppiumSelenium.com.AppiumSelenium.AppForYjzx@eec5a4a]" name="setUp" is-config="true" duration-ms="16200" started-at="2019-06-17T11:35:12Z" finished-at="2019-06-17T11:35:29Z">
          <reporter-output>
          </reporter-output>
        </test-method> <!-- setUp -->
        <test-method status="FAIL" signature="loginWithMicroBlog()[pri:0, instance:AppiumSelenium.com.AppiumSelenium.AppForYjzx@eec5a4a]" name="loginWithMicroBlog" duration-ms="23482" started-at="2019-06-17T11:35:29Z" finished-at="2019-06-17T11:35:52Z">
          <exception class="org.openqa.selenium.NoSuchElementException">
            <message>
              <![CDATA[An element could not be located on the page using the given search parameters.
For documentation on this error, please visit: https://www.seleniumhq.org/exceptions/no_such_element.html
Build info: version: '3.141.59', revision: 'e82be7d358', time: '2018-11-14T08:25:53'
System info: host: 'EDZ-20170729POB', ip: '192.168.1.95', os.name: 'Windows 7', os.arch: 'amd64', os.version: '6.1', java.version: '1.8.0_144'
Driver info: io.appium.java_client.android.AndroidDriver
Capabilities {appActivity: .ui.WelcomeActivity, appPackage: cn.cert.financial, automationName: UiAutomator2, databaseEnabled: false, desired: {appActivity: .ui.WelcomeActivity, appPackage: cn.cert.financial, automationName: UiAutomator2, deviceName: 4d155fc5, platformName: android, platformVersion: 8.0.0}, deviceApiLevel: 26, deviceManufacturer: samsung, deviceModel: SM-G9350, deviceName: 4d155fc5, deviceScreenDensity: 480, deviceScreenSize: 1080x1920, deviceUDID: 4d155fc5, javascriptEnabled: true, locationContextEnabled: false, networkConnectionEnabled: true, pixelRatio: 3, platform: LINUX, platformName: Android, platformVersion: 8.0.0, statBarHeight: 72, takesScreenshot: true, viewportRect: {height: 1848, left: 0, top: 72, width: 1080}, warnings: {}, webStorageEnabled: false}
Session ID: caf19d55-fa37-4d76-8998-ccf561b6e089
*** Element info: {Using=id, value=cn.cert.financial:id/et_phone}]]>
            </message>
            <full-stacktrace>
              <![CDATA[org.openqa.selenium.NoSuchElementException: An element could not be located on the page using the given search parameters.
For documentation on this error, please visit: https://www.seleniumhq.org/exceptions/no_such_element.html
Build info: version: '3.141.59', revision: 'e82be7d358', time: '2018-11-14T08:25:53'
System info: host: 'EDZ-20170729POB', ip: '192.168.1.95', os.name: 'Windows 7', os.arch: 'amd64', os.version: '6.1', java.version: '1.8.0_144'
Driver info: io.appium.java_client.android.AndroidDriver
Capabilities {appActivity: .ui.WelcomeActivity, appPackage: cn.cert.financial, automationName: UiAutomator2, databaseEnabled: false, desired: {appActivity: .ui.WelcomeActivity, appPackage: cn.cert.financial, automationName: UiAutomator2, deviceName: 4d155fc5, platformName: android, platformVersion: 8.0.0}, deviceApiLevel: 26, deviceManufacturer: samsung, deviceModel: SM-G9350, deviceName: 4d155fc5, deviceScreenDensity: 480, deviceScreenSize: 1080x1920, deviceUDID: 4d155fc5, javascriptEnabled: true, locationContextEnabled: false, networkConnectionEnabled: true, pixelRatio: 3, platform: LINUX, platformName: Android, platformVersion: 8.0.0, statBarHeight: 72, takesScreenshot: true, viewportRect: {height: 1848, left: 0, top: 72, width: 1080}, warnings: {}, webStorageEnabled: false}
Session ID: caf19d55-fa37-4d76-8998-ccf561b6e089
*** Element info: {Using=id, value=cn.cert.financial:id/et_phone}
	at sun.reflect.NativeConstructorAccessorImpl.newInstance0(Native Method)
	at sun.reflect.NativeConstructorAccessorImpl.newInstance(NativeConstructorAccessorImpl.java:62)
	at sun.reflect.DelegatingConstructorAccessorImpl.newInstance(DelegatingConstructorAccessorImpl.java:45)
	at java.lang.reflect.Constructor.newInstance(Constructor.java:423)
	at org.openqa.selenium.remote.http.W3CHttpResponseCodec.createException(W3CHttpResponseCodec.java:187)
	at org.openqa.selenium.remote.http.W3CHttpResponseCodec.decode(W3CHttpResponseCodec.java:122)
	at org.openqa.selenium.remote.http.W3CHttpResponseCodec.decode(W3CHttpResponseCodec.java:49)
	at org.openqa.selenium.remote.HttpCommandExecutor.execute(HttpCommandExecutor.java:158)
	at io.appium.java_client.remote.AppiumCommandExecutor.execute(AppiumCommandExecutor.java:239)
	at org.openqa.selenium.remote.RemoteWebDriver.execute(RemoteWebDriver.java:552)
	at io.appium.java_client.DefaultGenericMobileDriver.execute(DefaultGenericMobileDriver.java:42)
	at io.appium.java_client.AppiumDriver.execute(AppiumDriver.java:1)
	at io.appium.java_client.android.AndroidDriver.execute(AndroidDriver.java:1)
	at org.openqa.selenium.remote.RemoteWebDriver.findElement(RemoteWebDriver.java:323)
	at io.appium.java_client.DefaultGenericMobileDriver.findElement(DefaultGenericMobileDriver.java:62)
	at io.appium.java_client.AppiumDriver.findElement(AppiumDriver.java:1)
	at io.appium.java_client.android.AndroidDriver.findElement(AndroidDriver.java:1)
	at org.openqa.selenium.remote.RemoteWebDriver.findElementById(RemoteWebDriver.java:372)
	at io.appium.java_client.DefaultGenericMobileDriver.findElementById(DefaultGenericMobileDriver.java:70)
	at io.appium.java_client.AppiumDriver.findElementById(AppiumDriver.java:1)
	at io.appium.java_client.android.AndroidDriver.findElementById(AndroidDriver.java:1)
	at AppiumSelenium.com.AppiumSelenium.AppForYjzx.loginWithMicroBlog(AppForYjzx.java:76)
	at sun.reflect.NativeMethodAccessorImpl.invoke0(Native Method)
	at sun.reflect.NativeMethodAccessorImpl.invoke(NativeMethodAccessorImpl.java:62)
	at sun.reflect.DelegatingMethodAccessorImpl.invoke(DelegatingMethodAccessorImpl.java:43)
	at java.lang.reflect.Method.invoke(Method.java:498)
	at org.testng.internal.MethodInvocationHelper.invokeMethod(MethodInvocationHelper.java:108)
	at org.testng.internal.Invoker.invokeMethod(Invoker.java:669)
	at org.testng.internal.Invoker.invokeTestMethod(Invoker.java:877)
	at org.testng.internal.Invoker.invokeTestMethods(Invoker.java:1201)
	at org.testng.internal.TestMethodWorker.invokeTestMethods(TestMethodWorker.java:125)
	at org.testng.internal.TestMethodWorker.run(TestMethodWorker.java:109)
	at org.testng.TestRunner.privateRun(TestRunner.java:776)
	at org.testng.TestRunner.run(TestRunner.java:634)
	at org.testng.SuiteRunner.runTest(SuiteRunner.java:425)
	at org.testng.SuiteRunner.runSequentially(SuiteRunner.java:420)
	at org.testng.SuiteRunner.privateRun(SuiteRunner.java:385)
	at org.testng.SuiteRunner.run(SuiteRunner.java:334)
	at org.testng.SuiteRunnerWorker.runSuite(SuiteRunnerWorker.java:52)
	at org.testng.SuiteRunnerWorker.run(SuiteRunnerWorker.java:86)
	at org.testng.TestNG.runSuitesSequentially(TestNG.java:1318)
	at org.testng.TestNG.runSuitesLocally(TestNG.java:1243)
	at org.testng.TestNG.runSuites(TestNG.java:1161)
	at org.testng.TestNG.run(TestNG.java:1129)
	at org.testng.remote.AbstractRemoteTestNG.run(AbstractRemoteTestNG.java:114)
	at org.testng.remote.RemoteTestNG.initAndRun(RemoteTestNG.java:251)
	at org.testng.remote.RemoteTestNG.main(RemoteTestNG.java:77)
]]>
            </full-stacktrace>
          </exception> <!-- org.openqa.selenium.NoSuchElementException -->
          <reporter-output>
          </reporter-output>
        </test-method> <!-- loginWithMicroBlog -->
        <test-method status="PASS" signature="tearDown()[pri:0, instance:AppiumSelenium.com.AppiumSelenium.AppForYjzx@eec5a4a]" name="tearDown" is-config="true" duration-ms="615" started-at="2019-06-17T11:35:52Z" finished-at="2019-06-17T11:35:53Z">
          <reporter-output>
          </reporter-output>
        </test-method> <!-- tearDown -->
        <test-method status="PASS" signature="globalTearDown()[pri:0, instance:AppiumSelenium.com.AppiumSelenium.AppForYjzx@eec5a4a]" name="globalTearDown" is-config="true" duration-ms="51" started-at="2019-06-17T11:35:53Z" finished-at="2019-06-17T11:35:53Z">
          <reporter-output>
          </reporter-output>
        </test-method> <!-- globalTearDown -->
        <test-method status="PASS" signature="afterSuite()[pri:0, instance:AppiumSelenium.com.AppiumSelenium.AppForYjzx@eec5a4a]" name="afterSuite" is-config="true" duration-ms="355" started-at="2019-06-17T11:35:53Z" depends-on-methods="base.MobileSingle.globalTearDown" finished-at="2019-06-17T11:35:53Z">
          <reporter-output>
          </reporter-output>
        </test-method> <!-- afterSuite -->
      </class> <!-- AppiumSelenium.com.AppiumSelenium.AppForYjzx -->
    </test> <!-- Default test -->
  </suite> <!-- Default suite -->
</testng-results>
